<?xml version="1.0" encoding="UTF-8"?>
<testng-results ignored="0" total="1" passed="1" failed="0" skipped="0">
  <reporter-output>
  </reporter-output>
  <suite started-at="2018-08-16T14:17:00Z" name="Default suite" finished-at="2018-08-16T14:17:02Z" duration-ms="2143">
    <groups>
    </groups>
    <test started-at="2018-08-16T14:17:00Z" name="Default test" finished-at="2018-08-16T14:17:02Z" duration-ms="2143">
      <class name="com.selenium.basictest.Assignment2">
        <test-method signature="clickingLearnHtml()[pri:0, instance:com.selenium.basictest.Assignment2@269f4bad]" started-at="2018-08-16T14:17:00Z" name="clickingLearnHtml" finished-at="2018-08-16T14:17:02Z" duration-ms="2013" status="PASS">
          <reporter-output>
          </reporter-output>
        </test-method> <!-- clickingLearnHtml -->
        <test-method is-config="true" signature="close()[pri:0, instance:com.selenium.basictest.Assignment2@269f4bad]" started-at="2018-08-16T14:17:02Z" name="close" finished-at="2018-08-16T14:17:02Z" duration-ms="116" status="PASS">
          <reporter-output>
          </reporter-output>
        </test-method> <!-- close -->
      </class> <!-- com.selenium.basictest.Assignment2 -->
    </test> <!-- Default test -->
  </suite> <!-- Default suite -->
</testng-results>
